# JRE version: Java(TM) SE Runtime Environment (8.0_191-b12) (build 1.8.0_191-b12)
# Java VM: Java HotSpot(TM) Client VM (25.191-b12 mixed mode windows-x86 )
Heap:
 def new generation   total 157248K, used 157247K [0x05800000, 0x102a0000, 0x102a0000)
  eden space 139776K,  99% used [0x05800000, 0x0e07fff8, 0x0e080000)
  from space 17472K,  99% used [0x0e080000, 0x0f18fff8, 0x0f190000)
  to   space 17472K,   0% used [0x0f190000, 0x0f190000, 0x102a0000)
 tenured generation   total 349568K, used 349567K [0x102a0000, 0x25800000, 0x25800000)
   the space 349568K,  99% used [0x102a0000, 0x257ffff8, 0x25800000, 0x25800000)
 Metaspace       used 22248K, capacity 22797K, committed 22912K, reserved 22912K
GC Heap History (10 events):
Event: 2991.745 GC heap before
{Heap before GC invocations=1739 (full 1284):
 def new generation   total 157248K, used 157247K [0x05800000, 0x102a0000, 0x102a0000)
  eden space 139776K,  99% used [0x05800000, 0x0e07fff8, 0x0e080000)
  from space 17472K,  99% used [0x0e080000, 0x0f18ff38, 0x0f190000)
  to   space 17472K,   0% used [0x0f190000, 0x0f190000, 0x102a0000)
 tenured generation   total 349568K, used 349567K [0x102a0000, 0x25800000, 0x25800000)
   the space 349568K,  99% used [0x102a0000, 0x257fff18, 0x25800000, 0x25800000)
 Metaspace       used 22248K, capacity 22797K, committed 22912K, reserved 22912K
Event: 2991.986 GC heap after
Heap after GC invocations=1740 (full 1285):
 def new generation   total 157248K, used 157247K [0x05800000, 0x102a0000, 0x102a0000)
  eden space 139776K,  99% used [0x05800000, 0x0e07fff8, 0x0e080000)
  from space 17472K,  99% used [0x0e080000, 0x0f18ff38, 0x0f190000)
  to   space 17472K,   0% used [0x0f190000, 0x0f190000, 0x102a0000)
 tenured generation   total 349568K, used 349567K [0x102a0000, 0x25800000, 0x25800000)
   the space 349568K,  99% used [0x102a0000, 0x257fff18, 0x25800000, 0x25800000)
 Metaspace       used 22248K, capacity 22797K, committed 22912K, reserved 22912K
}
Event: 2991.986 GC heap before
{Heap before GC invocations=1740 (full 1285):
 def new generation   total 157248K, used 157247K [0x05800000, 0x102a0000, 0x102a0000)
  eden space 139776K,  99% used [0x05800000, 0x0e07fff8, 0x0e080000)
  from space 17472K,  99% used [0x0e080000, 0x0f18ff38, 0x0f190000)
  to   space 17472K,   0% used [0x0f190000, 0x0f190000, 0x102a0000)
 tenured generation   total 349568K, used 349567K [0x102a0000, 0x25800000, 0x25800000)
   the space 349568K,  99% used [0x102a0000, 0x257fff18, 0x25800000, 0x25800000)
 Metaspace       used 22248K, capacity 22797K, committed 22912K, reserved 22912K
Event: 2992.223 GC heap after
Heap after GC invocations=1741 (full 1286):
 def new generation   total 157248K, used 157247K [0x05800000, 0x102a0000, 0x102a0000)
  eden space 139776K,  99% used [0x05800000, 0x0e07fff8, 0x0e080000)
  from space 17472K,  99% used [0x0e080000, 0x0f18ff38, 0x0f190000)
  to   space 17472K,   0% used [0x0f190000, 0x0f190000, 0x102a0000)
 tenured generation   total 349568K, used 349567K [0x102a0000, 0x25800000, 0x25800000)
   the space 349568K,  99% used [0x102a0000, 0x257ffe48, 0x25800000, 0x25800000)
 Metaspace       used 22248K, capacity 22797K, committed 22912K, reserved 22912K
}
Event: 2992.223 GC heap before
{Heap before GC invocations=1741 (full 1286):
 def new generation   total 157248K, used 157247K [0x05800000, 0x102a0000, 0x102a0000)
  eden space 139776K,  99% used [0x05800000, 0x0e07fff8, 0x0e080000)
  from space 17472K,  99% used [0x0e080000, 0x0f18fff0, 0x0f190000)
  to   space 17472K,   0% used [0x0f190000, 0x0f190000, 0x102a0000)
 tenured generation   total 349568K, used 349567K [0x102a0000, 0x25800000, 0x25800000)
   the space 349568K,  99% used [0x102a0000, 0x257fff98, 0x25800000, 0x25800000)
 Metaspace       used 22248K, capacity 22797K, committed 22912K, reserved 22912K
Event: 2992.466 GC heap after
Heap after GC invocations=1742 (full 1287):
 def new generation   total 157248K, used 157241K [0x05800000, 0x102a0000, 0x102a0000)
  eden space 139776K,  99% used [0x05800000, 0x0e07ff58, 0x0e080000)
  from space 17472K,  99% used [0x0e080000, 0x0f18e4c0, 0x0f190000)
  to   space 17472K,   0% used [0x0f190000, 0x0f190000, 0x102a0000)
 tenured generation   total 349568K, used 349567K [0x102a0000, 0x25800000, 0x25800000)
   the space 349568K,  99% used [0x102a0000, 0x257fff98, 0x25800000, 0x25800000)
 Metaspace       used 22248K, capacity 22797K, committed 22912K, reserved 22912K
}
Event: 2992.467 GC heap before
{Heap before GC invocations=1742 (full 1287):
 def new generation   total 157248K, used 157241K [0x05800000, 0x102a0000, 0x102a0000)
  eden space 139776K,  99% used [0x05800000, 0x0e07fff8, 0x0e080000)
  from space 17472K,  99% used [0x0e080000, 0x0f18e570, 0x0f190000)
  to   space 17472K,   0% used [0x0f190000, 0x0f190000, 0x102a0000)
 tenured generation   total 349568K, used 349567K [0x102a0000, 0x25800000, 0x25800000)
   the space 349568K,  99% used [0x102a0000, 0x257fff98, 0x25800000, 0x25800000)
 Metaspace       used 22248K, capacity 22797K, committed 22912K, reserved 22912K
Event: 2992.779 GC heap after
Heap after GC invocations=1743 (full 1288):
 def new generation   total 157248K, used 157241K [0x05800000, 0x102a0000, 0x102a0000)
  eden space 139776K,  99% used [0x05800000, 0x0e07fff8, 0x0e080000)
  from space 17472K,  99% used [0x0e080000, 0x0f18e558, 0x0f190000)
  to   space 17472K,   0% used [0x0f190000, 0x0f190000, 0x102a0000)
 tenured generation   total 349568K, used 349566K [0x102a0000, 0x25800000, 0x25800000)
   the space 349568K,  99% used [0x102a0000, 0x257ffb38, 0x257ffc00, 0x25800000)
 Metaspace       used 22248K, capacity 22797K, committed 22912K, reserved 22912K
}
Event: 2992.779 GC heap before
{Heap before GC invocations=1743 (full 1288):
 def new generation   total 157248K, used 157241K [0x05800000, 0x102a0000, 0x102a0000)
  eden space 139776K,  99% used [0x05800000, 0x0e07fff8, 0x0e080000)
  from space 17472K,  99% used [0x0e080000, 0x0f18e558, 0x0f190000)
  to   space 17472K,   0% used [0x0f190000, 0x0f190000, 0x102a0000)
 tenured generation   total 349568K, used 349566K [0x102a0000, 0x25800000, 0x25800000)
   the space 349568K,  99% used [0x102a0000, 0x257ffb38, 0x257ffc00, 0x25800000)
 Metaspace       used 22248K, capacity 22797K, committed 22912K, reserved 22912K
Event: 2993.015 GC heap after
Heap after GC invocations=1744 (full 1289):
 def new generation   total 157248K, used 157241K [0x05800000, 0x102a0000, 0x102a0000)
  eden space 139776K,  99% used [0x05800000, 0x0e07fff8, 0x0e080000)
  from space 17472K,  99% used [0x0e080000, 0x0f18e558, 0x0f190000)
  to   space 17472K,   0% used [0x0f190000, 0x0f190000, 0x102a0000)
 tenured generation   total 349568K, used 349566K [0x102a0000, 0x25800000, 0x25800000)
   the space 349568K,  99% used [0x102a0000, 0x257ffb38, 0x257ffc00, 0x25800000)
 Metaspace       used 22248K, capacity 22797K, committed 22912K, reserved 22912K
}

